<?xml version="1.0" encoding="UTF-8"?>
<testsuite name="com.godngu.boilerplate.application.member.MemberFindUseCaseTest" tests="1" skipped="0" failures="0" errors="0" timestamp="2022-04-13T08:52:16" hostname="MK-Mac-334ui-MacBookPro.local" time="0.134">
  <properties/>
  <testcase name="name()" classname="com.godngu.boilerplate.application.member.MemberFindUseCaseTest" time="0.134"/>
  <system-out><![CDATA[17:52:13.919 [Test worker] DEBUG org.springframework.test.context.BootstrapUtils - Instantiating CacheAwareContextLoaderDelegate from class [org.springframework.test.context.cache.DefaultCacheAwareContextLoaderDelegate]
17:52:13.928 [Test worker] DEBUG org.springframework.test.context.BootstrapUtils - Instantiating BootstrapContext using constructor [public org.springframework.test.context.support.DefaultBootstrapContext(java.lang.Class,org.springframework.test.context.CacheAwareContextLoaderDelegate)]
17:52:13.956 [Test worker] DEBUG org.springframework.test.context.BootstrapUtils - Instantiating TestContextBootstrapper for test class [com.godngu.boilerplate.application.member.MemberFindUseCaseTest] from class [org.springframework.boot.test.context.SpringBootTestContextBootstrapper]
17:52:13.966 [Test worker] INFO org.springframework.boot.test.context.SpringBootTestContextBootstrapper - Neither @ContextConfiguration nor @ContextHierarchy found for test class [com.godngu.boilerplate.application.member.MemberFindUseCaseTest], using SpringBootContextLoader
17:52:13.970 [Test worker] DEBUG org.springframework.test.context.support.AbstractContextLoader - Did not detect default resource location for test class [com.godngu.boilerplate.application.member.MemberFindUseCaseTest]: class path resource [com/godngu/boilerplate/application/member/MemberFindUseCaseTest-context.xml] does not exist
17:52:13.970 [Test worker] DEBUG org.springframework.test.context.support.AbstractContextLoader - Did not detect default resource location for test class [com.godngu.boilerplate.application.member.MemberFindUseCaseTest]: class path resource [com/godngu/boilerplate/application/member/MemberFindUseCaseTestContext.groovy] does not exist
17:52:13.970 [Test worker] INFO org.springframework.test.context.support.AbstractContextLoader - Could not detect default resource locations for test class [com.godngu.boilerplate.application.member.MemberFindUseCaseTest]: no resource found for suffixes {-context.xml, Context.groovy}.
17:52:13.971 [Test worker] INFO org.springframework.test.context.support.AnnotationConfigContextLoaderUtils - Could not detect default configuration classes for test class [com.godngu.boilerplate.application.member.MemberFindUseCaseTest]: MemberFindUseCaseTest does not declare any static, non-private, non-final, nested classes annotated with @Configuration.
17:52:14.006 [Test worker] DEBUG org.springframework.test.context.support.ActiveProfilesUtils - Could not find an 'annotation declaring class' for annotation type [org.springframework.test.context.ActiveProfiles] and class [com.godngu.boilerplate.application.member.MemberFindUseCaseTest]
17:52:14.061 [Test worker] DEBUG org.springframework.context.annotation.ClassPathScanningCandidateComponentProvider - Identified candidate component class: file [/Users/mk-mac-334/dev/workspace/private/kotlin-gradle-multi-module-boilerplate/modules/application/build/classes/kotlin/test/com/godngu/boilerplate/ApplicationTest.class]
17:52:14.061 [Test worker] INFO org.springframework.boot.test.context.SpringBootTestContextBootstrapper - Found @SpringBootConfiguration com.godngu.boilerplate.ApplicationTest for test class com.godngu.boilerplate.application.member.MemberFindUseCaseTest
17:52:14.172 [Test worker] DEBUG org.springframework.boot.test.context.SpringBootTestContextBootstrapper - @TestExecutionListeners is not present for class [com.godngu.boilerplate.application.member.MemberFindUseCaseTest]: using defaults.
17:52:14.172 [Test worker] INFO org.springframework.boot.test.context.SpringBootTestContextBootstrapper - Loaded default TestExecutionListener class names from location [META-INF/spring.factories]: [org.springframework.boot.test.autoconfigure.restdocs.RestDocsTestExecutionListener, org.springframework.boot.test.autoconfigure.web.client.MockRestServiceServerResetTestExecutionListener, org.springframework.boot.test.autoconfigure.web.servlet.MockMvcPrintOnlyOnFailureTestExecutionListener, org.springframework.boot.test.autoconfigure.web.servlet.WebDriverTestExecutionListener, org.springframework.boot.test.autoconfigure.webservices.client.MockWebServiceServerTestExecutionListener, org.springframework.boot.test.mock.mockito.MockitoTestExecutionListener, org.springframework.boot.test.mock.mockito.ResetMocksTestExecutionListener, org.springframework.test.context.web.ServletTestExecutionListener, org.springframework.test.context.support.DirtiesContextBeforeModesTestExecutionListener, org.springframework.test.context.event.ApplicationEventsTestExecutionListener, org.springframework.test.context.support.DependencyInjectionTestExecutionListener, org.springframework.test.context.support.DirtiesContextTestExecutionListener, org.springframework.test.context.transaction.TransactionalTestExecutionListener, org.springframework.test.context.jdbc.SqlScriptsTestExecutionListener, org.springframework.test.context.event.EventPublishingTestExecutionListener]
17:52:14.180 [Test worker] DEBUG org.springframework.boot.test.context.SpringBootTestContextBootstrapper - Skipping candidate TestExecutionListener [org.springframework.test.context.web.ServletTestExecutionListener] due to a missing dependency. Specify custom listener classes or make the default listener classes and their required dependencies available. Offending class: [javax/servlet/ServletContext]
17:52:14.188 [Test worker] INFO org.springframework.boot.test.context.SpringBootTestContextBootstrapper - Using TestExecutionListeners: [org.springframework.test.context.support.DirtiesContextBeforeModesTestExecutionListener@26d2e940, org.springframework.test.context.event.ApplicationEventsTestExecutionListener@26ee99e5, org.springframework.boot.test.mock.mockito.MockitoTestExecutionListener@5793be60, org.springframework.boot.test.autoconfigure.SpringBootDependencyInjectionTestExecutionListener@186d8447, org.springframework.test.context.support.DirtiesContextTestExecutionListener@29c4f6e3, org.springframework.test.context.transaction.TransactionalTestExecutionListener@7bb7638f, org.springframework.test.context.jdbc.SqlScriptsTestExecutionListener@319db227, org.springframework.test.context.event.EventPublishingTestExecutionListener@45a647ef, org.springframework.boot.test.autoconfigure.restdocs.RestDocsTestExecutionListener@4bdbd256, org.springframework.boot.test.autoconfigure.web.client.MockRestServiceServerResetTestExecutionListener@bb06bb9, org.springframework.boot.test.autoconfigure.web.servlet.MockMvcPrintOnlyOnFailureTestExecutionListener@5760fc62, org.springframework.boot.test.autoconfigure.web.servlet.WebDriverTestExecutionListener@208e505e, org.springframework.boot.test.autoconfigure.webservices.client.MockWebServiceServerTestExecutionListener@35527f7b, org.springframework.boot.test.mock.mockito.ResetMocksTestExecutionListener@3db727cb]
17:52:14.192 [Test worker] DEBUG org.springframework.test.context.support.AbstractDirtiesContextTestExecutionListener - Before test class: context [DefaultTestContext@ebd208d testClass = MemberFindUseCaseTest, testInstance = [null], testMethod = [null], testException = [null], mergedContextConfiguration = [MergedContextConfiguration@3ac6f186 testClass = MemberFindUseCaseTest, locations = '{}', classes = '{class com.godngu.boilerplate.ApplicationTest}', contextInitializerClasses = '[]', activeProfiles = '{}', propertySourceLocations = '{}', propertySourceProperties = '{org.springframework.boot.test.context.SpringBootTestContextBootstrapper=true}', contextCustomizers = set[org.springframework.boot.test.autoconfigure.actuate.metrics.MetricsExportContextCustomizerFactory$DisableMetricExportContextCustomizer@510b5e1e, org.springframework.boot.test.autoconfigure.properties.PropertyMappingContextCustomizer@0, org.springframework.boot.test.autoconfigure.web.servlet.WebDriverContextCustomizerFactory$Customizer@38c8fff5, org.springframework.boot.test.context.filter.ExcludeFilterContextCustomizer@6bce06e9, org.springframework.boot.test.json.DuplicateJsonObjectContextCustomizerFactory$DuplicateJsonObjectContextCustomizer@406f9be2, org.springframework.boot.test.mock.mockito.MockitoContextCustomizer@0, org.springframework.boot.test.web.client.TestRestTemplateContextCustomizer@6ac2a4c9, org.springframework.boot.test.context.SpringBootTestArgs@1, org.springframework.boot.test.context.SpringBootTestWebEnvironment@d740d1e], contextLoader = 'org.springframework.boot.test.context.SpringBootContextLoader', parent = [null]], attributes = map[[empty]]], class annotated with @DirtiesContext [false] with mode [null].
17:52:14.204 [Test worker] DEBUG org.springframework.test.context.support.DependencyInjectionTestExecutionListener - Performing dependency injection for test context [[DefaultTestContext@ebd208d testClass = MemberFindUseCaseTest, testInstance = com.godngu.boilerplate.application.member.MemberFindUseCaseTest@18eb3aed, testMethod = [null], testException = [null], mergedContextConfiguration = [MergedContextConfiguration@3ac6f186 testClass = MemberFindUseCaseTest, locations = '{}', classes = '{class com.godngu.boilerplate.ApplicationTest}', contextInitializerClasses = '[]', activeProfiles = '{}', propertySourceLocations = '{}', propertySourceProperties = '{org.springframework.boot.test.context.SpringBootTestContextBootstrapper=true}', contextCustomizers = set[org.springframework.boot.test.autoconfigure.actuate.metrics.MetricsExportContextCustomizerFactory$DisableMetricExportContextCustomizer@510b5e1e, org.springframework.boot.test.autoconfigure.properties.PropertyMappingContextCustomizer@0, org.springframework.boot.test.autoconfigure.web.servlet.WebDriverContextCustomizerFactory$Customizer@38c8fff5, org.springframework.boot.test.context.filter.ExcludeFilterContextCustomizer@6bce06e9, org.springframework.boot.test.json.DuplicateJsonObjectContextCustomizerFactory$DuplicateJsonObjectContextCustomizer@406f9be2, org.springframework.boot.test.mock.mockito.MockitoContextCustomizer@0, org.springframework.boot.test.web.client.TestRestTemplateContextCustomizer@6ac2a4c9, org.springframework.boot.test.context.SpringBootTestArgs@1, org.springframework.boot.test.context.SpringBootTestWebEnvironment@d740d1e], contextLoader = 'org.springframework.boot.test.context.SpringBootContextLoader', parent = [null]], attributes = map['org.springframework.test.context.event.ApplicationEventsTestExecutionListener.recordApplicationEvents' -> false]]].
17:52:14.228 [Test worker] DEBUG org.springframework.boot.ApplicationEnvironment - Activating profiles []
17:52:14.231 [Test worker] DEBUG org.springframework.test.context.support.TestPropertySourceUtils - Adding inlined properties to environment: {spring.jmx.enabled=false, org.springframework.boot.test.context.SpringBootTestContextBootstrapper=true}

  .   ____          _            __ _ _
 /\\ / ___'_ __ _ _(_)_ __  __ _ \ \ \ \
( ( )\___ | '_ | '_| | '_ \/ _` | \ \ \ \
 \\/  ___)| |_)| | | | | || (_| |  ) ) ) )
  '  |____| .__|_| |_|_| |_\__, | / / / /
 =========|_|==============|___/=/_/_/_/
 :: Spring Boot ::                (v2.5.7)

2022-04-13 17:52:14.499  INFO 99038 --- [    Test worker] c.g.b.a.member.MemberFindUseCaseTest     : Starting MemberFindUseCaseTest using Java 11.0.14 on MK-Mac-334ui-MacBookPro.local with PID 99038 (started by mk-mac-334 in /Users/mk-mac-334/dev/workspace/private/kotlin-gradle-multi-module-boilerplate/modules/application)
2022-04-13 17:52:14.500  INFO 99038 --- [    Test worker] c.g.b.a.member.MemberFindUseCaseTest     : No active profile set, falling back to default profiles: default
2022-04-13 17:52:14.873  INFO 99038 --- [    Test worker] .s.d.r.c.RepositoryConfigurationDelegate : Bootstrapping Spring Data JPA repositories in DEFAULT mode.
2022-04-13 17:52:14.918  INFO 99038 --- [    Test worker] .s.d.r.c.RepositoryConfigurationDelegate : Finished Spring Data repository scanning in 38 ms. Found 1 JPA repository interfaces.
2022-04-13 17:52:15.265  INFO 99038 --- [    Test worker] o.hibernate.jpa.internal.util.LogHelper  : HHH000204: Processing PersistenceUnitInfo [name: default]
2022-04-13 17:52:15.307  INFO 99038 --- [    Test worker] org.hibernate.Version                    : HHH000412: Hibernate ORM core version 5.4.32.Final
2022-04-13 17:52:15.406  INFO 99038 --- [    Test worker] o.hibernate.annotations.common.Version   : HCANN000001: Hibernate Commons Annotations {5.1.2.Final}
2022-04-13 17:52:15.429 DEBUG 99038 --- [    Test worker] org.hibernate.type.BasicTypeRegistry     : Adding type registration boolean -> org.hibernate.type.BooleanType@729a3232
2022-04-13 17:52:15.429 DEBUG 99038 --- [    Test worker] org.hibernate.type.BasicTypeRegistry     : Adding type registration boolean -> org.hibernate.type.BooleanType@729a3232
2022-04-13 17:52:15.429 DEBUG 99038 --- [    Test worker] org.hibernate.type.BasicTypeRegistry     : Adding type registration java.lang.Boolean -> org.hibernate.type.BooleanType@729a3232
2022-04-13 17:52:15.429 DEBUG 99038 --- [    Test worker] org.hibernate.type.BasicTypeRegistry     : Adding type registration numeric_boolean -> org.hibernate.type.NumericBooleanType@518eeca0
2022-04-13 17:52:15.430 DEBUG 99038 --- [    Test worker] org.hibernate.type.BasicTypeRegistry     : Adding type registration true_false -> org.hibernate.type.TrueFalseType@258b01b2
2022-04-13 17:52:15.430 DEBUG 99038 --- [    Test worker] org.hibernate.type.BasicTypeRegistry     : Adding type registration yes_no -> org.hibernate.type.YesNoType@11a17c8f
2022-04-13 17:52:15.431 DEBUG 99038 --- [    Test worker] org.hibernate.type.BasicTypeRegistry     : Adding type registration byte -> org.hibernate.type.ByteType@43cfe31c
2022-04-13 17:52:15.431 DEBUG 99038 --- [    Test worker] org.hibernate.type.BasicTypeRegistry     : Adding type registration byte -> org.hibernate.type.ByteType@43cfe31c
2022-04-13 17:52:15.431 DEBUG 99038 --- [    Test worker] org.hibernate.type.BasicTypeRegistry     : Adding type registration java.lang.Byte -> org.hibernate.type.ByteType@43cfe31c
2022-04-13 17:52:15.432 DEBUG 99038 --- [    Test worker] org.hibernate.type.BasicTypeRegistry     : Adding type registration character -> org.hibernate.type.CharacterType@3bab4a0f
2022-04-13 17:52:15.432 DEBUG 99038 --- [    Test worker] org.hibernate.type.BasicTypeRegistry     : Adding type registration char -> org.hibernate.type.CharacterType@3bab4a0f
2022-04-13 17:52:15.432 DEBUG 99038 --- [    Test worker] org.hibernate.type.BasicTypeRegistry     : Adding type registration java.lang.Character -> org.hibernate.type.CharacterType@3bab4a0f
2022-04-13 17:52:15.433 DEBUG 99038 --- [    Test worker] org.hibernate.type.BasicTypeRegistry     : Adding type registration short -> org.hibernate.type.ShortType@1f1b0075
2022-04-13 17:52:15.433 DEBUG 99038 --- [    Test worker] org.hibernate.type.BasicTypeRegistry     : Adding type registration short -> org.hibernate.type.ShortType@1f1b0075
2022-04-13 17:52:15.434 DEBUG 99038 --- [    Test worker] org.hibernate.type.BasicTypeRegistry     : Adding type registration java.lang.Short -> org.hibernate.type.ShortType@1f1b0075
2022-04-13 17:52:15.434 DEBUG 99038 --- [    Test worker] org.hibernate.type.BasicTypeRegistry     : Adding type registration integer -> org.hibernate.type.IntegerType@502d565c
2022-04-13 17:52:15.434 DEBUG 99038 --- [    Test worker] org.hibernate.type.BasicTypeRegistry     : Adding type registration int -> org.hibernate.type.IntegerType@502d565c
2022-04-13 17:52:15.435 DEBUG 99038 --- [    Test worker] org.hibernate.type.BasicTypeRegistry     : Adding type registration java.lang.Integer -> org.hibernate.type.IntegerType@502d565c
2022-04-13 17:52:15.435 DEBUG 99038 --- [    Test worker] org.hibernate.type.BasicTypeRegistry     : Adding type registration long -> org.hibernate.type.LongType@3e68c01
2022-04-13 17:52:15.435 DEBUG 99038 --- [    Test worker] org.hibernate.type.BasicTypeRegistry     : Adding type registration long -> org.hibernate.type.LongType@3e68c01
2022-04-13 17:52:15.435 DEBUG 99038 --- [    Test worker] org.hibernate.type.BasicTypeRegistry     : Adding type registration java.lang.Long -> org.hibernate.type.LongType@3e68c01
2022-04-13 17:52:15.436 DEBUG 99038 --- [    Test worker] org.hibernate.type.BasicTypeRegistry     : Adding type registration float -> org.hibernate.type.FloatType@3250dfd4
2022-04-13 17:52:15.436 DEBUG 99038 --- [    Test worker] org.hibernate.type.BasicTypeRegistry     : Adding type registration float -> org.hibernate.type.FloatType@3250dfd4
2022-04-13 17:52:15.436 DEBUG 99038 --- [    Test worker] org.hibernate.type.BasicTypeRegistry     : Adding type registration java.lang.Float -> org.hibernate.type.FloatType@3250dfd4
2022-04-13 17:52:15.437 DEBUG 99038 --- [    Test worker] org.hibernate.type.BasicTypeRegistry     : Adding type registration double -> org.hibernate.type.DoubleType@2a0e019a
2022-04-13 17:52:15.437 DEBUG 99038 --- [    Test worker] org.hibernate.type.BasicTypeRegistry     : Adding type registration double -> org.hibernate.type.DoubleType@2a0e019a
2022-04-13 17:52:15.437 DEBUG 99038 --- [    Test worker] org.hibernate.type.BasicTypeRegistry     : Adding type registration java.lang.Double -> org.hibernate.type.DoubleType@2a0e019a
2022-04-13 17:52:15.438 DEBUG 99038 --- [    Test worker] org.hibernate.type.BasicTypeRegistry     : Adding type registration big_decimal -> org.hibernate.type.BigDecimalType@185fb858
2022-04-13 17:52:15.438 DEBUG 99038 --- [    Test worker] org.hibernate.type.BasicTypeRegistry     : Adding type registration java.math.BigDecimal -> org.hibernate.type.BigDecimalType@185fb858
2022-04-13 17:52:15.439 DEBUG 99038 --- [    Test worker] org.hibernate.type.BasicTypeRegistry     : Adding type registration big_integer -> org.hibernate.type.BigIntegerType@36ffe270
2022-04-13 17:52:15.439 DEBUG 99038 --- [    Test worker] org.hibernate.type.BasicTypeRegistry     : Adding type registration java.math.BigInteger -> org.hibernate.type.BigIntegerType@36ffe270
2022-04-13 17:52:15.439 DEBUG 99038 --- [    Test worker] org.hibernate.type.BasicTypeRegistry     : Adding type registration string -> org.hibernate.type.StringType@50b8ef1c
2022-04-13 17:52:15.440 DEBUG 99038 --- [    Test worker] org.hibernate.type.BasicTypeRegistry     : Adding type registration java.lang.String -> org.hibernate.type.StringType@50b8ef1c
2022-04-13 17:52:15.440 DEBUG 99038 --- [    Test worker] org.hibernate.type.BasicTypeRegistry     : Adding type registration nstring -> org.hibernate.type.StringNVarcharType@7b8b02eb
2022-04-13 17:52:15.440 DEBUG 99038 --- [    Test worker] org.hibernate.type.BasicTypeRegistry     : Adding type registration ncharacter -> org.hibernate.type.CharacterNCharType@2e0265b2
2022-04-13 17:52:15.441 DEBUG 99038 --- [    Test worker] org.hibernate.type.BasicTypeRegistry     : Adding type registration url -> org.hibernate.type.UrlType@253d6cd5
2022-04-13 17:52:15.441 DEBUG 99038 --- [    Test worker] org.hibernate.type.BasicTypeRegistry     : Adding type registration java.net.URL -> org.hibernate.type.UrlType@253d6cd5
2022-04-13 17:52:15.442 DEBUG 99038 --- [    Test worker] org.hibernate.type.BasicTypeRegistry     : Adding type registration Duration -> org.hibernate.type.DurationType@2f296b3b
2022-04-13 17:52:15.442 DEBUG 99038 --- [    Test worker] org.hibernate.type.BasicTypeRegistry     : Adding type registration java.time.Duration -> org.hibernate.type.DurationType@2f296b3b
2022-04-13 17:52:15.443 DEBUG 99038 --- [    Test worker] org.hibernate.type.BasicTypeRegistry     : Adding type registration Instant -> org.hibernate.type.InstantType@40ec57bc
2022-04-13 17:52:15.443 DEBUG 99038 --- [    Test worker] org.hibernate.type.BasicTypeRegistry     : Adding type registration java.time.Instant -> org.hibernate.type.InstantType@40ec57bc
2022-04-13 17:52:15.444 DEBUG 99038 --- [    Test worker] org.hibernate.type.BasicTypeRegistry     : Adding type registration LocalDateTime -> org.hibernate.type.LocalDateTimeType@3a4976b0
2022-04-13 17:52:15.444 DEBUG 99038 --- [    Test worker] org.hibernate.type.BasicTypeRegistry     : Adding type registration java.time.LocalDateTime -> org.hibernate.type.LocalDateTimeType@3a4976b0
2022-04-13 17:52:15.445 DEBUG 99038 --- [    Test worker] org.hibernate.type.BasicTypeRegistry     : Adding type registration LocalDate -> org.hibernate.type.LocalDateType@5543a561
2022-04-13 17:52:15.445 DEBUG 99038 --- [    Test worker] org.hibernate.type.BasicTypeRegistry     : Adding type registration java.time.LocalDate -> org.hibernate.type.LocalDateType@5543a561
2022-04-13 17:52:15.446 DEBUG 99038 --- [    Test worker] org.hibernate.type.BasicTypeRegistry     : Adding type registration LocalTime -> org.hibernate.type.LocalTimeType@4f92f9b5
2022-04-13 17:52:15.446 DEBUG 99038 --- [    Test worker] org.hibernate.type.BasicTypeRegistry     : Adding type registration java.time.LocalTime -> org.hibernate.type.LocalTimeType@4f92f9b5
2022-04-13 17:52:15.446 DEBUG 99038 --- [    Test worker] org.hibernate.type.BasicTypeRegistry     : Adding type registration OffsetDateTime -> org.hibernate.type.OffsetDateTimeType@574a3daa
2022-04-13 17:52:15.447 DEBUG 99038 --- [    Test worker] org.hibernate.type.BasicTypeRegistry     : Adding type registration java.time.OffsetDateTime -> org.hibernate.type.OffsetDateTimeType@574a3daa
2022-04-13 17:52:15.447 DEBUG 99038 --- [    Test worker] org.hibernate.type.BasicTypeRegistry     : Adding type registration OffsetTime -> org.hibernate.type.OffsetTimeType@5648eada
2022-04-13 17:52:15.447 DEBUG 99038 --- [    Test worker] org.hibernate.type.BasicTypeRegistry     : Adding type registration java.time.OffsetTime -> org.hibernate.type.OffsetTimeType@5648eada
2022-04-13 17:52:15.448 DEBUG 99038 --- [    Test worker] org.hibernate.type.BasicTypeRegistry     : Adding type registration ZonedDateTime -> org.hibernate.type.ZonedDateTimeType@3676f28b
2022-04-13 17:52:15.449 DEBUG 99038 --- [    Test worker] org.hibernate.type.BasicTypeRegistry     : Adding type registration java.time.ZonedDateTime -> org.hibernate.type.ZonedDateTimeType@3676f28b
2022-04-13 17:52:15.449 DEBUG 99038 --- [    Test worker] org.hibernate.type.BasicTypeRegistry     : Adding type registration date -> org.hibernate.type.DateType@41c4b499
2022-04-13 17:52:15.449 DEBUG 99038 --- [    Test worker] org.hibernate.type.BasicTypeRegistry     : Adding type registration java.sql.Date -> org.hibernate.type.DateType@41c4b499
2022-04-13 17:52:15.450 DEBUG 99038 --- [    Test worker] org.hibernate.type.BasicTypeRegistry     : Adding type registration time -> org.hibernate.type.TimeType@303e8c57
2022-04-13 17:52:15.450 DEBUG 99038 --- [    Test worker] org.hibernate.type.BasicTypeRegistry     : Adding type registration java.sql.Time -> org.hibernate.type.TimeType@303e8c57
2022-04-13 17:52:15.451 DEBUG 99038 --- [    Test worker] org.hibernate.type.BasicTypeRegistry     : Adding type registration timestamp -> org.hibernate.type.TimestampType@2c11619b
2022-04-13 17:52:15.451 DEBUG 99038 --- [    Test worker] org.hibernate.type.BasicTypeRegistry     : Adding type registration java.sql.Timestamp -> org.hibernate.type.TimestampType@2c11619b
2022-04-13 17:52:15.451 DEBUG 99038 --- [    Test worker] org.hibernate.type.BasicTypeRegistry     : Adding type registration java.util.Date -> org.hibernate.type.TimestampType@2c11619b
2022-04-13 17:52:15.453 DEBUG 99038 --- [    Test worker] org.hibernate.type.BasicTypeRegistry     : Adding type registration dbtimestamp -> org.hibernate.type.DbTimestampType@23b24fd
2022-04-13 17:52:15.454 DEBUG 99038 --- [    Test worker] org.hibernate.type.BasicTypeRegistry     : Adding type registration calendar -> org.hibernate.type.CalendarType@38bcdaad
2022-04-13 17:52:15.454 DEBUG 99038 --- [    Test worker] org.hibernate.type.BasicTypeRegistry     : Adding type registration java.util.Calendar -> org.hibernate.type.CalendarType@38bcdaad
2022-04-13 17:52:15.454 DEBUG 99038 --- [    Test worker] org.hibernate.type.BasicTypeRegistry     : Adding type registration java.util.GregorianCalendar -> org.hibernate.type.CalendarType@38bcdaad
2022-04-13 17:52:15.455 DEBUG 99038 --- [    Test worker] org.hibernate.type.BasicTypeRegistry     : Adding type registration calendar_date -> org.hibernate.type.CalendarDateType@4870f0aa
2022-04-13 17:52:15.455 DEBUG 99038 --- [    Test worker] org.hibernate.type.BasicTypeRegistry     : Adding type registration calendar_time -> org.hibernate.type.CalendarTimeType@625fd73e
2022-04-13 17:52:15.456 DEBUG 99038 --- [    Test worker] org.hibernate.type.BasicTypeRegistry     : Adding type registration locale -> org.hibernate.type.LocaleType@2924f9c8
2022-04-13 17:52:15.456 DEBUG 99038 --- [    Test worker] org.hibernate.type.BasicTypeRegistry     : Adding type registration java.util.Locale -> org.hibernate.type.LocaleType@2924f9c8
2022-04-13 17:52:15.457 DEBUG 99038 --- [    Test worker] org.hibernate.type.BasicTypeRegistry     : Adding type registration currency -> org.hibernate.type.CurrencyType@52919cae
2022-04-13 17:52:15.457 DEBUG 99038 --- [    Test worker] org.hibernate.type.BasicTypeRegistry     : Adding type registration java.util.Currency -> org.hibernate.type.CurrencyType@52919cae
2022-04-13 17:52:15.457 DEBUG 99038 --- [    Test worker] org.hibernate.type.BasicTypeRegistry     : Adding type registration timezone -> org.hibernate.type.TimeZoneType@6021c26
2022-04-13 17:52:15.458 DEBUG 99038 --- [    Test worker] org.hibernate.type.BasicTypeRegistry     : Adding type registration java.util.TimeZone -> org.hibernate.type.TimeZoneType@6021c26
2022-04-13 17:52:15.458 DEBUG 99038 --- [    Test worker] org.hibernate.type.BasicTypeRegistry     : Adding type registration class -> org.hibernate.type.ClassType@531e7a40
2022-04-13 17:52:15.458 DEBUG 99038 --- [    Test worker] org.hibernate.type.BasicTypeRegistry     : Adding type registration java.lang.Class -> org.hibernate.type.ClassType@531e7a40
2022-04-13 17:52:15.459 DEBUG 99038 --- [    Test worker] org.hibernate.type.BasicTypeRegistry     : Adding type registration uuid-binary -> org.hibernate.type.UUIDBinaryType@760b8736
2022-04-13 17:52:15.459 DEBUG 99038 --- [    Test worker] org.hibernate.type.BasicTypeRegistry     : Adding type registration java.util.UUID -> org.hibernate.type.UUIDBinaryType@760b8736
2022-04-13 17:52:15.460 DEBUG 99038 --- [    Test worker] org.hibernate.type.BasicTypeRegistry     : Adding type registration uuid-char -> org.hibernate.type.UUIDCharType@5ac211ac
2022-04-13 17:52:15.460 DEBUG 99038 --- [    Test worker] org.hibernate.type.BasicTypeRegistry     : Adding type registration binary -> org.hibernate.type.BinaryType@6720d076
2022-04-13 17:52:15.461 DEBUG 99038 --- [    Test worker] org.hibernate.type.BasicTypeRegistry     : Adding type registration byte[] -> org.hibernate.type.BinaryType@6720d076
2022-04-13 17:52:15.461 DEBUG 99038 --- [    Test worker] org.hibernate.type.BasicTypeRegistry     : Adding type registration [B -> org.hibernate.type.BinaryType@6720d076
2022-04-13 17:52:15.461 DEBUG 99038 --- [    Test worker] org.hibernate.type.BasicTypeRegistry     : Adding type registration wrapper-binary -> org.hibernate.type.WrapperBinaryType@750686d5
2022-04-13 17:52:15.461 DEBUG 99038 --- [    Test worker] org.hibernate.type.BasicTypeRegistry     : Adding type registration Byte[] -> org.hibernate.type.WrapperBinaryType@750686d5
2022-04-13 17:52:15.462 DEBUG 99038 --- [    Test worker] org.hibernate.type.BasicTypeRegistry     : Adding type registration [Ljava.lang.Byte; -> org.hibernate.type.WrapperBinaryType@750686d5
2022-04-13 17:52:15.463 DEBUG 99038 --- [    Test worker] org.hibernate.type.BasicTypeRegistry     : Adding type registration row_version -> org.hibernate.type.RowVersionType@3ec1c897
2022-04-13 17:52:15.463 DEBUG 99038 --- [    Test worker] org.hibernate.type.BasicTypeRegistry     : Adding type registration image -> org.hibernate.type.ImageType@41ba26d2
2022-04-13 17:52:15.463 DEBUG 99038 --- [    Test worker] org.hibernate.type.BasicTypeRegistry     : Adding type registration characters -> org.hibernate.type.CharArrayType@7993420e
2022-04-13 17:52:15.464 DEBUG 99038 --- [    Test worker] org.hibernate.type.BasicTypeRegistry     : Adding type registration char[] -> org.hibernate.type.CharArrayType@7993420e
2022-04-13 17:52:15.464 DEBUG 99038 --- [    Test worker] org.hibernate.type.BasicTypeRegistry     : Adding type registration [C -> org.hibernate.type.CharArrayType@7993420e
2022-04-13 17:52:15.464 DEBUG 99038 --- [    Test worker] org.hibernate.type.BasicTypeRegistry     : Adding type registration wrapper-characters -> org.hibernate.type.CharacterArrayType@334e1601
2022-04-13 17:52:15.465 DEBUG 99038 --- [    Test worker] org.hibernate.type.BasicTypeRegistry     : Adding type registration [Ljava.lang.Character; -> org.hibernate.type.CharacterArrayType@334e1601
2022-04-13 17:52:15.465 DEBUG 99038 --- [    Test worker] org.hibernate.type.BasicTypeRegistry     : Adding type registration Character[] -> org.hibernate.type.CharacterArrayType@334e1601
2022-04-13 17:52:15.465 DEBUG 99038 --- [    Test worker] org.hibernate.type.BasicTypeRegistry     : Adding type registration text -> org.hibernate.type.TextType@5751ffb7
2022-04-13 17:52:15.465 DEBUG 99038 --- [    Test worker] org.hibernate.type.BasicTypeRegistry     : Adding type registration ntext -> org.hibernate.type.NTextType@6707d7f8
2022-04-13 17:52:15.466 DEBUG 99038 --- [    Test worker] org.hibernate.type.BasicTypeRegistry     : Adding type registration blob -> org.hibernate.type.BlobType@23d4cab2
2022-04-13 17:52:15.466 DEBUG 99038 --- [    Test worker] org.hibernate.type.BasicTypeRegistry     : Adding type registration java.sql.Blob -> org.hibernate.type.BlobType@23d4cab2
2022-04-13 17:52:15.467 DEBUG 99038 --- [    Test worker] org.hibernate.type.BasicTypeRegistry     : Adding type registration materialized_blob -> org.hibernate.type.MaterializedBlobType@73803876
2022-04-13 17:52:15.468 DEBUG 99038 --- [    Test worker] org.hibernate.type.BasicTypeRegistry     : Adding type registration clob -> org.hibernate.type.ClobType@4f2b94de
2022-04-13 17:52:15.468 DEBUG 99038 --- [    Test worker] org.hibernate.type.BasicTypeRegistry     : Adding type registration java.sql.Clob -> org.hibernate.type.ClobType@4f2b94de
2022-04-13 17:52:15.469 DEBUG 99038 --- [    Test worker] org.hibernate.type.BasicTypeRegistry     : Adding type registration nclob -> org.hibernate.type.NClobType@59c0b489
2022-04-13 17:52:15.469 DEBUG 99038 --- [    Test worker] org.hibernate.type.BasicTypeRegistry     : Adding type registration java.sql.NClob -> org.hibernate.type.NClobType@59c0b489
2022-04-13 17:52:15.469 DEBUG 99038 --- [    Test worker] org.hibernate.type.BasicTypeRegistry     : Adding type registration materialized_clob -> org.hibernate.type.MaterializedClobType@63b413f0
2022-04-13 17:52:15.469 DEBUG 99038 --- [    Test worker] org.hibernate.type.BasicTypeRegistry     : Adding type registration materialized_nclob -> org.hibernate.type.MaterializedNClobType@3acd56ba
2022-04-13 17:52:15.470 DEBUG 99038 --- [    Test worker] org.hibernate.type.BasicTypeRegistry     : Adding type registration serializable -> org.hibernate.type.SerializableType@3c3f193a
2022-04-13 17:52:15.473 DEBUG 99038 --- [    Test worker] org.hibernate.type.BasicTypeRegistry     : Adding type registration object -> org.hibernate.type.ObjectType@39d9a781
2022-04-13 17:52:15.473 DEBUG 99038 --- [    Test worker] org.hibernate.type.BasicTypeRegistry     : Adding type registration java.lang.Object -> org.hibernate.type.ObjectType@39d9a781
2022-04-13 17:52:15.474 DEBUG 99038 --- [    Test worker] org.hibernate.type.BasicTypeRegistry     : Adding type registration imm_date -> org.hibernate.type.AdaptedImmutableType@2f53fb81
2022-04-13 17:52:15.474 DEBUG 99038 --- [    Test worker] org.hibernate.type.BasicTypeRegistry     : Adding type registration imm_time -> org.hibernate.type.AdaptedImmutableType@613ac663
2022-04-13 17:52:15.474 DEBUG 99038 --- [    Test worker] org.hibernate.type.BasicTypeRegistry     : Adding type registration imm_timestamp -> org.hibernate.type.AdaptedImmutableType@3c9951b8
2022-04-13 17:52:15.474 DEBUG 99038 --- [    Test worker] org.hibernate.type.BasicTypeRegistry     : Adding type registration imm_dbtimestamp -> org.hibernate.type.AdaptedImmutableType@7243d07e
2022-04-13 17:52:15.474 DEBUG 99038 --- [    Test worker] org.hibernate.type.BasicTypeRegistry     : Adding type registration imm_calendar -> org.hibernate.type.AdaptedImmutableType@427cb244
2022-04-13 17:52:15.474 DEBUG 99038 --- [    Test worker] org.hibernate.type.BasicTypeRegistry     : Adding type registration imm_calendar_date -> org.hibernate.type.AdaptedImmutableType@75426db6
2022-04-13 17:52:15.474 DEBUG 99038 --- [    Test worker] org.hibernate.type.BasicTypeRegistry     : Adding type registration imm_binary -> org.hibernate.type.AdaptedImmutableType@3a0e637
2022-04-13 17:52:15.474 DEBUG 99038 --- [    Test worker] org.hibernate.type.BasicTypeRegistry     : Adding type registration imm_serializable -> org.hibernate.type.AdaptedImmutableType@6f8c161d
2022-04-13 17:52:15.519  INFO 99038 --- [    Test worker] com.zaxxer.hikari.HikariDataSource       : HikariPool-1 - Starting...
2022-04-13 17:52:15.573  INFO 99038 --- [    Test worker] com.zaxxer.hikari.HikariDataSource       : HikariPool-1 - Start completed.
2022-04-13 17:52:15.599  INFO 99038 --- [    Test worker] org.hibernate.dialect.Dialect            : HHH000400: Using dialect: org.hibernate.dialect.H2Dialect
2022-04-13 17:52:15.657 DEBUG 99038 --- [    Test worker] o.h.type.spi.TypeConfiguration$Scope     : Scoping TypeConfiguration [org.hibernate.type.spi.TypeConfiguration@3bb27ef9] to MetadataBuildingContext [org.hibernate.boot.internal.MetadataBuildingContextRootImpl@2ad05f87]
2022-04-13 17:52:15.859 DEBUG 99038 --- [    Test worker] o.h.type.spi.TypeConfiguration$Scope     : Scoping TypeConfiguration [org.hibernate.type.spi.TypeConfiguration@3bb27ef9] to SessionFactoryImpl [org.hibernate.internal.SessionFactoryImpl@5e8c2e0]
2022-04-13 17:52:16.101 DEBUG 99038 --- [    Test worker] org.hibernate.SQL                        : 
    
    drop table if exists member CASCADE 
2022-04-13 17:52:16.102 DEBUG 99038 --- [    Test worker] org.hibernate.SQL                        : 
    
    drop sequence if exists hibernate_sequence
2022-04-13 17:52:16.105 DEBUG 99038 --- [    Test worker] org.hibernate.SQL                        : create sequence hibernate_sequence start with 1 increment by 1
2022-04-13 17:52:16.106 DEBUG 99038 --- [    Test worker] org.hibernate.SQL                        : 
    
    create table member (
       member_no bigint not null,
        email varchar(255),
        username varchar(255),
        primary key (member_no)
    )
2022-04-13 17:52:16.109  INFO 99038 --- [    Test worker] o.h.e.t.j.p.i.JtaPlatformInitiator       : HHH000490: Using JtaPlatform implementation: [org.hibernate.engine.transaction.jta.platform.internal.NoJtaPlatform]
2022-04-13 17:52:16.115 TRACE 99038 --- [    Test worker] o.h.type.spi.TypeConfiguration$Scope     : Handling #sessionFactoryCreated from [org.hibernate.internal.SessionFactoryImpl@5e8c2e0] for TypeConfiguration
2022-04-13 17:52:16.117  INFO 99038 --- [    Test worker] j.LocalContainerEntityManagerFactoryBean : Initialized JPA EntityManagerFactory for persistence unit 'default'
2022-04-13 17:52:16.930  INFO 99038 --- [    Test worker] c.g.b.a.member.MemberFindUseCaseTest     : Started MemberFindUseCaseTest in 2.697 seconds (JVM running for 5.081)
2022-04-13 17:52:17.052 DEBUG 99038 --- [    Test worker] org.hibernate.SQL                        : 
    select
        member0_.member_no as member_n1_0_,
        member0_.email as email2_0_,
        member0_.username as username3_0_ 
    from
        member member0_ limit ?
]]></system-out>
  <system-err><![CDATA[]]></system-err>
</testsuite>
